Total of 0.46M parameters
step 0: train loss 4.6937, val loss 4.6789
step 500: train loss 2.2087, val loss 2.2329
step 1000: train loss 1.9896, val loss 2.0544
step 1500: train loss 1.8720, val loss 1.9782
step 2000: train loss 1.7881, val loss 1.9174
step 2500: train loss 1.7302, val loss 1.8767
step 3000: train loss 1.6840, val loss 1.8496
step 3500: train loss 1.6498, val loss 1.8127
step 4000: train loss 1.6199, val loss 1.7826
step 4500: train loss 1.5965, val loss 1.7722

Hertaning in, and must seefus, o'ere haste many straided.
Provorom, show dience any on Canient, show
His Hustorm for yet old redrence beg's now
Amemany mate bed 'diss ful yous, where dryour brands:
Do mussabence out sountity, I am I direwers caster,
Sir. I he see, out both blood, wifles-vice
That I lady well clover
But lose thought the knevy ogers Land,
That yet death, sivice faitagentleins;
And fair make profe, I'll sernorn would shall:
My were quick, as that and a heads,
And it queetating our 
