Total of 0.46M parameters
step 0: train loss 4.6937, val loss 4.6789
step 500: train loss 2.2087, val loss 2.2329
step 1000: train loss 1.9896, val loss 2.0544
step 1500: train loss 1.8720, val loss 1.9782
...
step 48500: train loss 1.2727, val loss 1.5529
step 49000: train loss 1.2684, val loss 1.5585
step 49500: train loss 1.2696, val loss 1.5451

As free-fore I could shot saw to enterprehence to stay
let him, uncle her gates? Marquish ruging such friends.

ANTIGONUS:
May not to the where he arrive with
a brother, that proport shall not, die; 'tis kindness
By piece a heart.

DUKE VINCENTIO:
So so, I see when I say,
That through and fields and in arm spitured:
Savants that breath the dime and present
That those is not to the fever or honour:
A graping of the subject may well:
Betwixt the Volscians! Merdly me.

POMPEY:
Nay, an't my liege in
